Build started 5/27/2021 9:09:09 AM.
     1>Project "D:\Bachkhoa\Đồ họa máy tính\Assignment\Assignment\Assignment.vcxproj" on node 2 (Build target(s)).
     1>ClCompile:
         E:\Microsoft Visual Studio 14.0\VC\bin\CL.exe /c /ZI /nologo /W3 /WX- /sdl /Od /Oy- /D _MBCS /Gm /EHsc /RTC1 /MDd /GS /fp:precise /Zc:wchar_t /Zc:forScope /Zc:inline /Fo"Debug\\" /Fd"Debug\vc140.pdb" /Gd /TP /analyze- /errorReport:prompt Source.cpp
         Source.cpp
     1>d:\bachkhoa\đồ họa máy tính\assignment\assignment\source.cpp(224): warning C4101: 'i': unreferenced local variable
     1>d:\bachkhoa\đồ họa máy tính\assignment\assignment\source.cpp(813): warning C4101: 'i': unreferenced local variable
     1>d:\bachkhoa\đồ họa máy tính\assignment\assignment\source.cpp(1124): warning C4101: 'fAngle': unreferenced local variable
     1>d:\bachkhoa\đồ họa máy tính\assignment\assignment\source.cpp(1123): warning C4101: 'fRInc': unreferenced local variable
     1>d:\bachkhoa\đồ họa máy tính\assignment\assignment\source.cpp(1675): warning C4838: conversion from 'double' to 'GLfloat' requires a narrowing conversion
     1>d:\bachkhoa\đồ họa máy tính\assignment\assignment\source.cpp(1725): warning C4838: conversion from 'double' to 'GLfloat' requires a narrowing conversion
     1>d:\bachkhoa\đồ họa máy tính\assignment\assignment\source.cpp(1747): warning C4838: conversion from 'double' to 'GLfloat' requires a narrowing conversion
     1>d:\bachkhoa\đồ họa máy tính\assignment\assignment\source.cpp(1767): warning C4838: conversion from 'double' to 'GLfloat' requires a narrowing conversion
     1>d:\bachkhoa\đồ họa máy tính\assignment\assignment\source.cpp(1785): warning C4838: conversion from 'double' to 'GLfloat' requires a narrowing conversion
     1>d:\bachkhoa\đồ họa máy tính\assignment\assignment\source.cpp(1823): warning C4838: conversion from 'double' to 'GLfloat' requires a narrowing conversion
     1>d:\bachkhoa\đồ họa máy tính\assignment\assignment\source.cpp(1866): warning C4838: conversion from 'double' to 'GLfloat' requires a narrowing conversion
       Link:
         E:\Microsoft Visual Studio 14.0\VC\bin\link.exe /ERRORREPORT:PROMPT /OUT:"D:\Bachkhoa\Đồ họa máy tính\Assignment\Debug\Assignment.exe" /INCREMENTAL /NOLOGO kernel32.lib user32.lib gdi32.lib winspool.lib comdlg32.lib advapi32.lib shell32.lib ole32.lib oleaut32.lib uuid.lib odbc32.lib odbccp32.lib glu32.lib glut32.lib opengl32.lib kernel32.lib user32.lib gdi32.lib winspool.lib comdlg32.lib advapi32.lib shell32.lib ole32.lib oleaut32.lib uuid.lib odbc32.lib odbccp32.lib /MANIFEST /MANIFESTUAC:"level='asInvoker' uiAccess='false'" /manifest:embed /Debug /PDB:"D:\Bachkhoa\Đồ họa máy tính\Assignment\Debug\Assignment.pdb" /TLBID:1 /DYNAMICBASE /NXCOMPAT /IMPLIB:"D:\Bachkhoa\Đồ họa máy tính\Assignment\Debug\Assignment.lib" /MACHINE:X86 Debug\Source.obj
         Assignment.vcxproj -> D:\Bachkhoa\Đồ họa máy tính\Assignment\Debug\Assignment.exe
     1>Done Building Project "D:\Bachkhoa\Đồ họa máy tính\Assignment\Assignment\Assignment.vcxproj" (Build target(s)).

Build succeeded.

Time Elapsed 00:00:01.86
